<?xml version="1.0" encoding="UTF-8"?>
<!-- Generated by org.testng.reporters.JUnitXMLReporter -->
<testsuite hostname="server0" name="Command line test" tests="9" failures="0" timestamp="5 Mar 2018 19:27:30 GMT" time="1.615" errors="0">
  <testcase name="testGenerate" time="0.588" classname="com.facebook.swift.generator.SwiftGeneratorTest"/>
  <testcase name="testGenerate" time="0.094" classname="com.facebook.swift.generator.SwiftGeneratorTest"/>
  <testcase name="testGenerate" time="0.057" classname="com.facebook.swift.generator.SwiftGeneratorTest"/>
  <testcase name="testGenerate" time="0.049" classname="com.facebook.swift.generator.SwiftGeneratorTest"/>
  <testcase name="testGenerate" time="0.382" classname="com.facebook.swift.generator.SwiftGeneratorTest"/>
  <testcase name="testGenerate" time="0.072" classname="com.facebook.swift.generator.SwiftGeneratorTest"/>
  <testcase name="testGenerate" time="0.031" classname="com.facebook.swift.generator.SwiftGeneratorTest"/>
  <testcase name="testGenerate" time="0.289" classname="com.facebook.swift.generator.SwiftGeneratorTest"/>
  <testcase name="testGenerate" time="0.023" classname="com.facebook.swift.generator.SwiftGeneratorTest"/>
</testsuite> <!-- Command line test -->
