<?xml version="1.0" encoding="UTF-8"?>
<testng-results skipped="0" failed="0" total="1" passed="1">
  <reporter-output>
  </reporter-output>
  <suite name="com.facebook.swift.testing.TestingUtilsTest" duration-ms="30" started-at="2018-03-05T19:26:56Z" finished-at="2018-03-05T19:26:56Z">
    <groups>
    </groups>
    <test name="Command line test" duration-ms="30" started-at="2018-03-05T19:26:56Z" finished-at="2018-03-05T19:26:56Z">
      <class name="com.facebook.swift.testing.TestingUtilsTest">
        <test-method status="PASS" signature="sanity()[pri:0, instance:com.facebook.swift.testing.TestingUtilsTest@2b80d80f]" name="sanity" duration-ms="24" started-at="2018-03-05T19:26:56Z" finished-at="2018-03-05T19:26:56Z">
          <reporter-output>
          </reporter-output>
        </test-method> <!-- sanity -->
      </class> <!-- com.facebook.swift.testing.TestingUtilsTest -->
    </test> <!-- Command line test -->
  </suite> <!-- com.facebook.swift.testing.TestingUtilsTest -->
</testng-results>
