<?xml version="1.0" encoding="UTF-8"?>
<!-- Generated by org.testng.reporters.JUnitXMLReporter -->
<testsuite hostname="server0" name="Command line test" tests="195" failures="0" timestamp="6 Mar 2018 15:03:30 GMT" time="1.729" errors="0">
  <testcase name="testArrays" time="0.177" classname="com.facebook.swift.codec.internal.compiler.TestCompilerThriftCodecFactory"/>
  <testcase name="testArraysManual" time="0.01" classname="com.facebook.swift.codec.internal.compiler.TestCompilerThriftCodecFactory"/>
  <testcase name="testBeanDerivedFromGeneric" time="0.013" classname="com.facebook.swift.codec.internal.compiler.TestCompilerThriftCodecFactory"/>
  <testcase name="testBeanGeneric" time="0.009" classname="com.facebook.swift.codec.internal.compiler.TestCompilerThriftCodecFactory"/>
  <testcase name="testBuilder" time="0.009" classname="com.facebook.swift.codec.internal.compiler.TestCompilerThriftCodecFactory"/>
  <testcase name="testCoRecursive" time="0.017" classname="com.facebook.swift.codec.internal.compiler.TestCompilerThriftCodecFactory"/>
  <testcase name="testCoRecursiveStartingAtHelper" time="0.0" classname="com.facebook.swift.codec.internal.compiler.TestCompilerThriftCodecFactory"/>
  <testcase name="testCoRecursiveTree" time="0.016" classname="com.facebook.swift.codec.internal.compiler.TestCompilerThriftCodecFactory"/>
  <testcase name="testDefaultCoercion" time="0.013" classname="com.facebook.swift.codec.internal.compiler.TestCompilerThriftCodecFactory"/>
  <testcase name="testFieldDerivedFromGeneric" time="0.006" classname="com.facebook.swift.codec.internal.compiler.TestCompilerThriftCodecFactory"/>
  <testcase name="testFieldGeneric" time="0.005" classname="com.facebook.swift.codec.internal.compiler.TestCompilerThriftCodecFactory"/>
  <testcase name="testGenericFromBuilder" time="0.007" classname="com.facebook.swift.codec.internal.compiler.TestCompilerThriftCodecFactory"/>
  <testcase name="testImmutableDerivedFromGeneric" time="0.007" classname="com.facebook.swift.codec.internal.compiler.TestCompilerThriftCodecFactory"/>
  <testcase name="testImmutableGeneric" time="0.005" classname="com.facebook.swift.codec.internal.compiler.TestCompilerThriftCodecFactory"/>
  <testcase name="testIsSetBean" time="0.019" classname="com.facebook.swift.codec.internal.compiler.TestCompilerThriftCodecFactory"/>
  <testcase name="testMatchByJavaNameWithThriftNameOverride" time="0.005" classname="com.facebook.swift.codec.internal.compiler.TestCompilerThriftCodecFactory"/>
  <testcase name="testOneOfEverythingField" time="0.123" classname="com.facebook.swift.codec.internal.compiler.TestCompilerThriftCodecFactory"/>
  <testcase name="testOneOfEverythingFieldEmpty" time="0.0" classname="com.facebook.swift.codec.internal.compiler.TestCompilerThriftCodecFactory"/>
  <testcase name="testOneOfEverythingFieldManual" time="0.001" classname="com.facebook.swift.codec.internal.compiler.TestCompilerThriftCodecFactory"/>
  <testcase name="testRecursiveDefaultUnion" time="0.006" classname="com.facebook.swift.codec.internal.compiler.TestCompilerThriftCodecFactory"/>
  <testcase name="testRecursiveStructWithIdlAnnotation" time="0.005" classname="com.facebook.swift.codec.internal.compiler.TestCompilerThriftCodecFactory"/>
  <testcase name="testRecursiveStructWithSwiftAnnotation" time="0.005" classname="com.facebook.swift.codec.internal.compiler.TestCompilerThriftCodecFactory"/>
  <testcase name="testRecursiveStructWithoutRecursiveAnnotation" time="0.002" classname="com.facebook.swift.codec.internal.compiler.TestCompilerThriftCodecFactory"/>
  <testcase name="testRecursiveUnion" time="0.008" classname="com.facebook.swift.codec.internal.compiler.TestCompilerThriftCodecFactory"/>
  <testcase name="testStructBean" time="0.004" classname="com.facebook.swift.codec.internal.compiler.TestCompilerThriftCodecFactory"/>
  <testcase name="testStructConstructor" time="0.005" classname="com.facebook.swift.codec.internal.compiler.TestCompilerThriftCodecFactory"/>
  <testcase name="testStructFields" time="0.001" classname="com.facebook.swift.codec.internal.compiler.TestCompilerThriftCodecFactory"/>
  <testcase name="testStructFieldsManual" time="0.002" classname="com.facebook.swift.codec.internal.compiler.TestCompilerThriftCodecFactory"/>
  <testcase name="testStructMethod" time="0.005" classname="com.facebook.swift.codec.internal.compiler.TestCompilerThriftCodecFactory"/>
  <testcase name="testStructWithRecursionViaListElementTypes" time="0.005" classname="com.facebook.swift.codec.internal.compiler.TestCompilerThriftCodecFactory"/>
  <testcase name="testStructWithRecursionViaMapKeyAndValueTypes" time="0.005" classname="com.facebook.swift.codec.internal.compiler.TestCompilerThriftCodecFactory"/>
  <testcase name="testStructWithRecursionViaNestedListElementTypes" time="0.006" classname="com.facebook.swift.codec.internal.compiler.TestCompilerThriftCodecFactory"/>
  <testcase name="testUnionBean" time="0.007" classname="com.facebook.swift.codec.internal.compiler.TestCompilerThriftCodecFactory"/>
  <testcase name="testUnionConstructor" time="0.007" classname="com.facebook.swift.codec.internal.compiler.TestCompilerThriftCodecFactory"/>
  <testcase name="testUnionConstructorDuplicateTypes" time="0.006" classname="com.facebook.swift.codec.internal.compiler.TestCompilerThriftCodecFactory"/>
  <testcase name="testUnionFields" time="0.0" classname="com.facebook.swift.codec.internal.compiler.TestCompilerThriftCodecFactory"/>
  <testcase name="testUnionFieldsManual" time="0.002" classname="com.facebook.swift.codec.internal.compiler.TestCompilerThriftCodecFactory"/>
  <testcase name="testArrays" time="0.022" classname="com.facebook.swift.codec.internal.compiler.TestCompilerToReflectionThriftCodecFactory"/>
  <testcase name="testArraysManual" time="0.013" classname="com.facebook.swift.codec.internal.compiler.TestCompilerToReflectionThriftCodecFactory"/>
  <testcase name="testBeanDerivedFromGeneric" time="0.006" classname="com.facebook.swift.codec.internal.compiler.TestCompilerToReflectionThriftCodecFactory"/>
  <testcase name="testBeanGeneric" time="0.004" classname="com.facebook.swift.codec.internal.compiler.TestCompilerToReflectionThriftCodecFactory"/>
  <testcase name="testBuilder" time="0.004" classname="com.facebook.swift.codec.internal.compiler.TestCompilerToReflectionThriftCodecFactory"/>
  <testcase name="testCoRecursive" time="0.01" classname="com.facebook.swift.codec.internal.compiler.TestCompilerToReflectionThriftCodecFactory"/>
  <testcase name="testCoRecursiveStartingAtHelper" time="0.01" classname="com.facebook.swift.codec.internal.compiler.TestCompilerToReflectionThriftCodecFactory"/>
  <testcase name="testCoRecursiveTree" time="0.012" classname="com.facebook.swift.codec.internal.compiler.TestCompilerToReflectionThriftCodecFactory"/>
  <testcase name="testDefaultCoercion" time="0.013" classname="com.facebook.swift.codec.internal.compiler.TestCompilerToReflectionThriftCodecFactory"/>
  <testcase name="testFieldDerivedFromGeneric" time="0.005" classname="com.facebook.swift.codec.internal.compiler.TestCompilerToReflectionThriftCodecFactory"/>
  <testcase name="testFieldGeneric" time="0.004" classname="com.facebook.swift.codec.internal.compiler.TestCompilerToReflectionThriftCodecFactory"/>
  <testcase name="testGenericFromBuilder" time="0.007" classname="com.facebook.swift.codec.internal.compiler.TestCompilerToReflectionThriftCodecFactory"/>
  <testcase name="testImmutableDerivedFromGeneric" time="0.005" classname="com.facebook.swift.codec.internal.compiler.TestCompilerToReflectionThriftCodecFactory"/>
  <testcase name="testImmutableGeneric" time="0.005" classname="com.facebook.swift.codec.internal.compiler.TestCompilerToReflectionThriftCodecFactory"/>
  <testcase name="testIsSetBean" time="0.023" classname="com.facebook.swift.codec.internal.compiler.TestCompilerToReflectionThriftCodecFactory"/>
  <testcase name="testMatchByJavaNameWithThriftNameOverride" time="0.004" classname="com.facebook.swift.codec.internal.compiler.TestCompilerToReflectionThriftCodecFactory"/>
  <testcase name="testOneOfEverythingField" time="0.143" classname="com.facebook.swift.codec.internal.compiler.TestCompilerToReflectionThriftCodecFactory"/>
  <testcase name="testOneOfEverythingFieldEmpty" time="0.12" classname="com.facebook.swift.codec.internal.compiler.TestCompilerToReflectionThriftCodecFactory"/>
  <testcase name="testOneOfEverythingFieldManual" time="0.03" classname="com.facebook.swift.codec.internal.compiler.TestCompilerToReflectionThriftCodecFactory"/>
  <testcase name="testRecursiveDefaultUnion" time="0.005" classname="com.facebook.swift.codec.internal.compiler.TestCompilerToReflectionThriftCodecFactory"/>
  <testcase name="testRecursiveStructWithIdlAnnotation" time="0.004" classname="com.facebook.swift.codec.internal.compiler.TestCompilerToReflectionThriftCodecFactory"/>
  <testcase name="testRecursiveStructWithSwiftAnnotation" time="0.004" classname="com.facebook.swift.codec.internal.compiler.TestCompilerToReflectionThriftCodecFactory"/>
  <testcase name="testRecursiveStructWithoutRecursiveAnnotation" time="0.001" classname="com.facebook.swift.codec.internal.compiler.TestCompilerToReflectionThriftCodecFactory"/>
  <testcase name="testRecursiveUnion" time="0.005" classname="com.facebook.swift.codec.internal.compiler.TestCompilerToReflectionThriftCodecFactory"/>
  <testcase name="testStructBean" time="0.004" classname="com.facebook.swift.codec.internal.compiler.TestCompilerToReflectionThriftCodecFactory"/>
  <testcase name="testStructConstructor" time="0.003" classname="com.facebook.swift.codec.internal.compiler.TestCompilerToReflectionThriftCodecFactory"/>
  <testcase name="testStructFields" time="0.003" classname="com.facebook.swift.codec.internal.compiler.TestCompilerToReflectionThriftCodecFactory"/>
  <testcase name="testStructFieldsManual" time="0.002" classname="com.facebook.swift.codec.internal.compiler.TestCompilerToReflectionThriftCodecFactory"/>
  <testcase name="testStructMethod" time="0.004" classname="com.facebook.swift.codec.internal.compiler.TestCompilerToReflectionThriftCodecFactory"/>
  <testcase name="testStructWithRecursionViaListElementTypes" time="0.004" classname="com.facebook.swift.codec.internal.compiler.TestCompilerToReflectionThriftCodecFactory"/>
  <testcase name="testStructWithRecursionViaMapKeyAndValueTypes" time="0.004" classname="com.facebook.swift.codec.internal.compiler.TestCompilerToReflectionThriftCodecFactory"/>
  <testcase name="testStructWithRecursionViaNestedListElementTypes" time="0.004" classname="com.facebook.swift.codec.internal.compiler.TestCompilerToReflectionThriftCodecFactory"/>
  <testcase name="testUnionBean" time="0.006" classname="com.facebook.swift.codec.internal.compiler.TestCompilerToReflectionThriftCodecFactory"/>
  <testcase name="testUnionConstructor" time="0.005" classname="com.facebook.swift.codec.internal.compiler.TestCompilerToReflectionThriftCodecFactory"/>
  <testcase name="testUnionConstructorDuplicateTypes" time="0.004" classname="com.facebook.swift.codec.internal.compiler.TestCompilerToReflectionThriftCodecFactory"/>
  <testcase name="testUnionFields" time="0.005" classname="com.facebook.swift.codec.internal.compiler.TestCompilerToReflectionThriftCodecFactory"/>
  <testcase name="testUnionFieldsManual" time="0.004" classname="com.facebook.swift.codec.internal.compiler.TestCompilerToReflectionThriftCodecFactory"/>
  <testcase name="testArrays" time="0.004" classname="com.facebook.swift.codec.internal.reflection.TestReflectionThriftCodecFactory"/>
  <testcase name="testArraysManual" time="0.002" classname="com.facebook.swift.codec.internal.reflection.TestReflectionThriftCodecFactory"/>
  <testcase name="testBeanDerivedFromGeneric" time="0.001" classname="com.facebook.swift.codec.internal.reflection.TestReflectionThriftCodecFactory"/>
  <testcase name="testBeanGeneric" time="0.001" classname="com.facebook.swift.codec.internal.reflection.TestReflectionThriftCodecFactory"/>
  <testcase name="testBuilder" time="0.001" classname="com.facebook.swift.codec.internal.reflection.TestReflectionThriftCodecFactory"/>
  <testcase name="testCoRecursive" time="0.002" classname="com.facebook.swift.codec.internal.reflection.TestReflectionThriftCodecFactory"/>
  <testcase name="testCoRecursiveStartingAtHelper" time="0.001" classname="com.facebook.swift.codec.internal.reflection.TestReflectionThriftCodecFactory"/>
  <testcase name="testCoRecursiveTree" time="0.002" classname="com.facebook.swift.codec.internal.reflection.TestReflectionThriftCodecFactory"/>
  <testcase name="testDefaultCoercion" time="0.002" classname="com.facebook.swift.codec.internal.reflection.TestReflectionThriftCodecFactory"/>
  <testcase name="testFieldDerivedFromGeneric" time="0.001" classname="com.facebook.swift.codec.internal.reflection.TestReflectionThriftCodecFactory"/>
  <testcase name="testFieldGeneric" time="0.001" classname="com.facebook.swift.codec.internal.reflection.TestReflectionThriftCodecFactory"/>
  <testcase name="testGenericFromBuilder" time="0.001" classname="com.facebook.swift.codec.internal.reflection.TestReflectionThriftCodecFactory"/>
  <testcase name="testImmutableDerivedFromGeneric" time="0.001" classname="com.facebook.swift.codec.internal.reflection.TestReflectionThriftCodecFactory"/>
  <testcase name="testImmutableGeneric" time="0.001" classname="com.facebook.swift.codec.internal.reflection.TestReflectionThriftCodecFactory"/>
  <testcase name="testIsSetBean" time="0.003" classname="com.facebook.swift.codec.internal.reflection.TestReflectionThriftCodecFactory"/>
  <testcase name="testMatchByJavaNameWithThriftNameOverride" time="0.001" classname="com.facebook.swift.codec.internal.reflection.TestReflectionThriftCodecFactory"/>
  <testcase name="testOneOfEverythingField" time="0.019" classname="com.facebook.swift.codec.internal.reflection.TestReflectionThriftCodecFactory"/>
  <testcase name="testOneOfEverythingFieldEmpty" time="0.001" classname="com.facebook.swift.codec.internal.reflection.TestReflectionThriftCodecFactory"/>
  <testcase name="testOneOfEverythingFieldManual" time="0.0" classname="com.facebook.swift.codec.internal.reflection.TestReflectionThriftCodecFactory"/>
  <testcase name="testRecursiveDefaultUnion" time="0.001" classname="com.facebook.swift.codec.internal.reflection.TestReflectionThriftCodecFactory"/>
  <testcase name="testRecursiveStructWithIdlAnnotation" time="0.001" classname="com.facebook.swift.codec.internal.reflection.TestReflectionThriftCodecFactory"/>
  <testcase name="testRecursiveStructWithSwiftAnnotation" time="0.0" classname="com.facebook.swift.codec.internal.reflection.TestReflectionThriftCodecFactory"/>
  <testcase name="testRecursiveStructWithoutRecursiveAnnotation" time="0.0" classname="com.facebook.swift.codec.internal.reflection.TestReflectionThriftCodecFactory"/>
  <testcase name="testRecursiveUnion" time="0.001" classname="com.facebook.swift.codec.internal.reflection.TestReflectionThriftCodecFactory"/>
  <testcase name="testStructBean" time="0.001" classname="com.facebook.swift.codec.internal.reflection.TestReflectionThriftCodecFactory"/>
  <testcase name="testStructConstructor" time="0.001" classname="com.facebook.swift.codec.internal.reflection.TestReflectionThriftCodecFactory"/>
  <testcase name="testStructFields" time="0.0" classname="com.facebook.swift.codec.internal.reflection.TestReflectionThriftCodecFactory"/>
  <testcase name="testStructFieldsManual" time="0.0" classname="com.facebook.swift.codec.internal.reflection.TestReflectionThriftCodecFactory"/>
  <testcase name="testStructMethod" time="0.001" classname="com.facebook.swift.codec.internal.reflection.TestReflectionThriftCodecFactory"/>
  <testcase name="testStructWithRecursionViaListElementTypes" time="0.001" classname="com.facebook.swift.codec.internal.reflection.TestReflectionThriftCodecFactory"/>
  <testcase name="testStructWithRecursionViaMapKeyAndValueTypes" time="0.001" classname="com.facebook.swift.codec.internal.reflection.TestReflectionThriftCodecFactory"/>
  <testcase name="testStructWithRecursionViaNestedListElementTypes" time="0.001" classname="com.facebook.swift.codec.internal.reflection.TestReflectionThriftCodecFactory"/>
  <testcase name="testUnionBean" time="0.001" classname="com.facebook.swift.codec.internal.reflection.TestReflectionThriftCodecFactory"/>
  <testcase name="testUnionConstructor" time="0.001" classname="com.facebook.swift.codec.internal.reflection.TestReflectionThriftCodecFactory"/>
  <testcase name="testUnionConstructorDuplicateTypes" time="0.001" classname="com.facebook.swift.codec.internal.reflection.TestReflectionThriftCodecFactory"/>
  <testcase name="testUnionFields" time="0.0" classname="com.facebook.swift.codec.internal.reflection.TestReflectionThriftCodecFactory"/>
  <testcase name="testUnionFieldsManual" time="0.001" classname="com.facebook.swift.codec.internal.reflection.TestReflectionThriftCodecFactory"/>
  <testcase name="testArrays" time="0.016" classname="com.facebook.swift.codec.internal.reflection.TestReflectionToCompilerThriftCodecFactory"/>
  <testcase name="testArraysManual" time="0.005" classname="com.facebook.swift.codec.internal.reflection.TestReflectionToCompilerThriftCodecFactory"/>
  <testcase name="testBeanDerivedFromGeneric" time="0.004" classname="com.facebook.swift.codec.internal.reflection.TestReflectionToCompilerThriftCodecFactory"/>
  <testcase name="testBeanGeneric" time="0.004" classname="com.facebook.swift.codec.internal.reflection.TestReflectionToCompilerThriftCodecFactory"/>
  <testcase name="testBuilder" time="0.003" classname="com.facebook.swift.codec.internal.reflection.TestReflectionToCompilerThriftCodecFactory"/>
  <testcase name="testCoRecursive" time="0.005" classname="com.facebook.swift.codec.internal.reflection.TestReflectionToCompilerThriftCodecFactory"/>
  <testcase name="testCoRecursiveStartingAtHelper" time="0.007" classname="com.facebook.swift.codec.internal.reflection.TestReflectionToCompilerThriftCodecFactory"/>
  <testcase name="testCoRecursiveTree" time="0.008" classname="com.facebook.swift.codec.internal.reflection.TestReflectionToCompilerThriftCodecFactory"/>
  <testcase name="testDefaultCoercion" time="0.007" classname="com.facebook.swift.codec.internal.reflection.TestReflectionToCompilerThriftCodecFactory"/>
  <testcase name="testFieldDerivedFromGeneric" time="0.003" classname="com.facebook.swift.codec.internal.reflection.TestReflectionToCompilerThriftCodecFactory"/>
  <testcase name="testFieldGeneric" time="0.002" classname="com.facebook.swift.codec.internal.reflection.TestReflectionToCompilerThriftCodecFactory"/>
  <testcase name="testGenericFromBuilder" time="0.006" classname="com.facebook.swift.codec.internal.reflection.TestReflectionToCompilerThriftCodecFactory"/>
  <testcase name="testImmutableDerivedFromGeneric" time="0.003" classname="com.facebook.swift.codec.internal.reflection.TestReflectionToCompilerThriftCodecFactory"/>
  <testcase name="testImmutableGeneric" time="0.002" classname="com.facebook.swift.codec.internal.reflection.TestReflectionToCompilerThriftCodecFactory"/>
  <testcase name="testIsSetBean" time="0.012" classname="com.facebook.swift.codec.internal.reflection.TestReflectionToCompilerThriftCodecFactory"/>
  <testcase name="testMatchByJavaNameWithThriftNameOverride" time="0.003" classname="com.facebook.swift.codec.internal.reflection.TestReflectionToCompilerThriftCodecFactory"/>
  <testcase name="testOneOfEverythingField" time="0.071" classname="com.facebook.swift.codec.internal.reflection.TestReflectionToCompilerThriftCodecFactory"/>
  <testcase name="testOneOfEverythingFieldEmpty" time="0.077" classname="com.facebook.swift.codec.internal.reflection.TestReflectionToCompilerThriftCodecFactory"/>
  <testcase name="testOneOfEverythingFieldManual" time="0.016" classname="com.facebook.swift.codec.internal.reflection.TestReflectionToCompilerThriftCodecFactory"/>
  <testcase name="testRecursiveDefaultUnion" time="0.004" classname="com.facebook.swift.codec.internal.reflection.TestReflectionToCompilerThriftCodecFactory"/>
  <testcase name="testRecursiveStructWithIdlAnnotation" time="0.003" classname="com.facebook.swift.codec.internal.reflection.TestReflectionToCompilerThriftCodecFactory"/>
  <testcase name="testRecursiveStructWithSwiftAnnotation" time="0.003" classname="com.facebook.swift.codec.internal.reflection.TestReflectionToCompilerThriftCodecFactory"/>
  <testcase name="testRecursiveStructWithoutRecursiveAnnotation" time="0.001" classname="com.facebook.swift.codec.internal.reflection.TestReflectionToCompilerThriftCodecFactory"/>
  <testcase name="testRecursiveUnion" time="0.004" classname="com.facebook.swift.codec.internal.reflection.TestReflectionToCompilerThriftCodecFactory"/>
  <testcase name="testStructBean" time="0.002" classname="com.facebook.swift.codec.internal.reflection.TestReflectionToCompilerThriftCodecFactory"/>
  <testcase name="testStructConstructor" time="0.002" classname="com.facebook.swift.codec.internal.reflection.TestReflectionToCompilerThriftCodecFactory"/>
  <testcase name="testStructFields" time="0.002" classname="com.facebook.swift.codec.internal.reflection.TestReflectionToCompilerThriftCodecFactory"/>
  <testcase name="testStructFieldsManual" time="0.002" classname="com.facebook.swift.codec.internal.reflection.TestReflectionToCompilerThriftCodecFactory"/>
  <testcase name="testStructMethod" time="0.003" classname="com.facebook.swift.codec.internal.reflection.TestReflectionToCompilerThriftCodecFactory"/>
  <testcase name="testStructWithRecursionViaListElementTypes" time="0.002" classname="com.facebook.swift.codec.internal.reflection.TestReflectionToCompilerThriftCodecFactory"/>
  <testcase name="testStructWithRecursionViaMapKeyAndValueTypes" time="0.004" classname="com.facebook.swift.codec.internal.reflection.TestReflectionToCompilerThriftCodecFactory"/>
  <testcase name="testStructWithRecursionViaNestedListElementTypes" time="0.004" classname="com.facebook.swift.codec.internal.reflection.TestReflectionToCompilerThriftCodecFactory"/>
  <testcase name="testUnionBean" time="0.006" classname="com.facebook.swift.codec.internal.reflection.TestReflectionToCompilerThriftCodecFactory"/>
  <testcase name="testUnionConstructor" time="0.006" classname="com.facebook.swift.codec.internal.reflection.TestReflectionToCompilerThriftCodecFactory"/>
  <testcase name="testUnionConstructorDuplicateTypes" time="0.003" classname="com.facebook.swift.codec.internal.reflection.TestReflectionToCompilerThriftCodecFactory"/>
  <testcase name="testUnionFields" time="0.005" classname="com.facebook.swift.codec.internal.reflection.TestReflectionToCompilerThriftCodecFactory"/>
  <testcase name="testUnionFieldsManual" time="0.003" classname="com.facebook.swift.codec.internal.reflection.TestReflectionToCompilerThriftCodecFactory"/>
  <testcase name="testGetThriftFieldIsLegacyId" time="0.001" classname="com.facebook.swift.codec.metadata.TestLegacyFieldIds"/>
  <testcase name="testLegacyIdCorrectlyAnnotated" time="0.004" classname="com.facebook.swift.codec.metadata.TestLegacyFieldIds"/>
  <testcase name="testLegacyIdCorrectlyAnnotatedWhitebox" time="0.003" classname="com.facebook.swift.codec.metadata.TestLegacyFieldIds"/>
  <testcase name="testLegacyIdIncorrect" time="0.004" classname="com.facebook.swift.codec.metadata.TestLegacyFieldIds"/>
  <testcase name="testLegacyIdOnUnion" time="0.002" classname="com.facebook.swift.codec.metadata.TestLegacyFieldIds"/>
  <testcase name="testExtractParameterNamesNoAnnotations" time="0.0" classname="com.facebook.swift.codec.metadata.TestReflectionHelper"/>
  <testcase name="testExtractParameterNamesThriftFieldAnnotation" time="0.001" classname="com.facebook.swift.codec.metadata.TestReflectionHelper"/>
  <testcase name="testAddStructCodec" time="0.001" classname="com.facebook.swift.codec.TestThriftCodecManager"/>
  <testcase name="testAddUnionCodec" time="0.001" classname="com.facebook.swift.codec.TestThriftCodecManager"/>
  <testcase name="testBasicThriftTypes" time="0.0" classname="com.facebook.swift.codec.TestThriftCodecManager"/>
  <testcase name="testBasicTypes" time="0.0" classname="com.facebook.swift.codec.TestThriftCodecManager"/>
  <testcase name="testCoercedCollection" time="0.0" classname="com.facebook.swift.codec.TestThriftCodecManager"/>
  <testcase name="testCollectionThriftTypes" time="0.0" classname="com.facebook.swift.codec.TestThriftCodecManager"/>
  <testcase name="testEnum" time="0.001" classname="com.facebook.swift.codec.TestThriftCodecManager"/>
  <testcase name="testThriftClientAndServerModules" time="0.137" classname="com.facebook.swift.codec.guice.TestThriftCodecModule"/>
  <testcase name="testBean" time="0.001" classname="com.facebook.swift.codec.metadata.TestThriftStructMetadata"/>
  <testcase name="testBuilder" time="0.0" classname="com.facebook.swift.codec.metadata.TestThriftStructMetadata"/>
  <testcase name="testConstructor" time="0.001" classname="com.facebook.swift.codec.metadata.TestThriftStructMetadata"/>
  <testcase name="testExceptionWithIdlAnnotationsMap" time="0.003" classname="com.facebook.swift.codec.metadata.TestThriftStructMetadata"/>
  <testcase name="testField" time="0.001" classname="com.facebook.swift.codec.metadata.TestThriftStructMetadata"/>
  <testcase name="testFieldWithConflictingIdlAnnotationMap" time="0.001" classname="com.facebook.swift.codec.metadata.TestThriftStructMetadata"/>
  <testcase name="testFieldWithMatchingIdlAnnotationMaps" time="0.001" classname="com.facebook.swift.codec.metadata.TestThriftStructMetadata"/>
  <testcase name="testFieldWithOneIdlAnnotationMap" time="0.001" classname="com.facebook.swift.codec.metadata.TestThriftStructMetadata"/>
  <testcase name="testMethod" time="0.001" classname="com.facebook.swift.codec.metadata.TestThriftStructMetadata"/>
  <testcase name="testStructWithIdlAnnotationsMap" time="0.001" classname="com.facebook.swift.codec.metadata.TestThriftStructMetadata"/>
  <testcase name="testUnionWithIdlAnnotationsMap" time="0.002" classname="com.facebook.swift.codec.metadata.TestThriftStructMetadata"/>
  <testcase name="testGenericBuilder" time="0.001" classname="com.facebook.swift.codec.metadata.TestThriftStructMetadataBuilder"/>
  <testcase name="testGenericBuilderForNonGenericStruct" time="0.0" classname="com.facebook.swift.codec.metadata.TestThriftStructMetadataBuilder"/>
  <testcase name="testMergeableRequiredness" time="0.001" classname="com.facebook.swift.codec.metadata.TestThriftStructMetadataBuilder"/>
  <testcase name="testMulitpleRequiredness" time="0.001" classname="com.facebook.swift.codec.metadata.TestThriftStructMetadataBuilder"/>
  <testcase name="testMultipleIds" time="0.0" classname="com.facebook.swift.codec.metadata.TestThriftStructMetadataBuilder"/>
  <testcase name="testMultipleNames" time="0.001" classname="com.facebook.swift.codec.metadata.TestThriftStructMetadataBuilder"/>
  <testcase name="testMultipleTypes" time="0.001" classname="com.facebook.swift.codec.metadata.TestThriftStructMetadataBuilder"/>
  <testcase name="testNoId" time="0.001" classname="com.facebook.swift.codec.metadata.TestThriftStructMetadataBuilder"/>
  <testcase name="testNonFinalStructsOk" time="0.0" classname="com.facebook.swift.codec.metadata.TestThriftStructMetadataBuilder"/>
  <testcase name="testUnsupportedType" time="0.001" classname="com.facebook.swift.codec.metadata.TestThriftStructMetadataBuilder"/>
  <testcase name="testBean" time="0.002" classname="com.facebook.swift.codec.metadata.TestThriftUnionMetadata"/>
  <testcase name="testBuilder" time="0.002" classname="com.facebook.swift.codec.metadata.TestThriftUnionMetadata"/>
  <testcase name="testConstructor" time="0.001" classname="com.facebook.swift.codec.metadata.TestThriftUnionMetadata"/>
  <testcase name="testField" time="0.001" classname="com.facebook.swift.codec.metadata.TestThriftUnionMetadata"/>
  <testcase name="testMethod" time="0.001" classname="com.facebook.swift.codec.metadata.TestThriftUnionMetadata"/>
  <testcase name="testMultipleIds" time="0.001" classname="com.facebook.swift.codec.metadata.TestThriftUnionMetadataBuilder"/>
  <testcase name="testMultipleNames" time="0.001" classname="com.facebook.swift.codec.metadata.TestThriftUnionMetadataBuilder"/>
  <testcase name="testMultipleTypes" time="0.001" classname="com.facebook.swift.codec.metadata.TestThriftUnionMetadataBuilder"/>
  <testcase name="testNoId" time="0.001" classname="com.facebook.swift.codec.metadata.TestThriftUnionMetadataBuilder"/>
  <testcase name="testNonFinalUnionOk" time="0.001" classname="com.facebook.swift.codec.metadata.TestThriftUnionMetadataBuilder"/>
  <testcase name="testUnsupportedType" time="0.001" classname="com.facebook.swift.codec.metadata.TestThriftUnionMetadataBuilder"/>
</testsuite> <!-- Command line test -->
