<?xml version="1.0" encoding="UTF-8"?>
<!-- Generated by org.testng.reporters.JUnitXMLReporter -->
<testsuite hostname="server0" name="Command line test" tests="28" failures="0" timestamp="5 Mar 2018 19:27:07 GMT" time="0.306" errors="0">
  <testcase name="testDocumentFb303" time="0.105" classname="com.facebook.swift.parser.TestDocument"/>
  <testcase name="testDocumentHbase" time="0.05" classname="com.facebook.swift.parser.TestDocument"/>
  <testcase name="testEmpty" time="0.008" classname="com.facebook.swift.parser.TestDocument"/>
  <testcase name="testParse" time="0.011" classname="com.facebook.swift.parser.TestParser"/>
  <testcase name="testParse" time="0.001" classname="com.facebook.swift.parser.TestParser"/>
  <testcase name="testParse" time="0.003" classname="com.facebook.swift.parser.TestParser"/>
  <testcase name="testParse" time="0.003" classname="com.facebook.swift.parser.TestParser"/>
  <testcase name="testParse" time="0.002" classname="com.facebook.swift.parser.TestParser"/>
  <testcase name="testParse" time="0.002" classname="com.facebook.swift.parser.TestParser"/>
  <testcase name="testParse" time="0.001" classname="com.facebook.swift.parser.TestParser"/>
  <testcase name="testParse" time="0.0" classname="com.facebook.swift.parser.TestParser"/>
  <testcase name="testParse" time="0.001" classname="com.facebook.swift.parser.TestParser"/>
  <testcase name="testParse" time="0.0" classname="com.facebook.swift.parser.TestParser"/>
  <testcase name="testParse" time="0.001" classname="com.facebook.swift.parser.TestParser"/>
  <testcase name="testParse" time="0.001" classname="com.facebook.swift.parser.TestParser"/>
  <testcase name="testParse" time="0.001" classname="com.facebook.swift.parser.TestParser"/>
  <testcase name="testParse" time="0.009" classname="com.facebook.swift.parser.TestParser"/>
  <testcase name="testParse" time="0.001" classname="com.facebook.swift.parser.TestParser"/>
  <testcase name="testParse" time="0.005" classname="com.facebook.swift.parser.TestParser"/>
  <testcase name="testParse" time="0.001" classname="com.facebook.swift.parser.TestParser"/>
  <testcase name="testParse" time="0.0" classname="com.facebook.swift.parser.TestParser"/>
  <testcase name="testParse" time="0.001" classname="com.facebook.swift.parser.TestParser"/>
  <testcase name="testParse" time="0.008" classname="com.facebook.swift.parser.TestParser"/>
  <testcase name="testParse" time="0.002" classname="com.facebook.swift.parser.TestParser"/>
  <testcase name="testParse" time="0.002" classname="com.facebook.swift.parser.TestParser"/>
  <testcase name="testParse" time="0.002" classname="com.facebook.swift.parser.TestParser"/>
  <testcase name="testParse" time="0.011" classname="com.facebook.swift.parser.TestParser"/>
  <testcase name="testParse" time="0.001" classname="com.facebook.swift.parser.TestParser"/>
</testsuite> <!-- Command line test -->
