<?xml version="1.0" encoding="UTF-8"?>
<!-- Generated by org.testng.reporters.JUnitXMLReporter -->
<testsuite hostname="server0" name="Command line test" tests="89" failures="0" timestamp="7 Mar 2018 21:32:49 GMT" time="7.233" errors="0">
  <testcase name="testAsyncClient" time="0.679" classname="com.facebook.swift.service.async.AsyncClientTest"/>
  <testcase name="testAsyncConnection" time="0.616" classname="com.facebook.swift.service.async.AsyncClientTest"/>
  <testcase name="testAsyncEarlyListener" time="0.513" classname="com.facebook.swift.service.async.AsyncClientTest"/>
  <testcase name="testAsyncLateListener" time="0.513" classname="com.facebook.swift.service.async.AsyncClientTest"/>
  <testcase name="testAsyncOneWay" time="0.013" classname="com.facebook.swift.service.async.AsyncClientTest"/>
  <testcase name="testAsyncOutOfOrder" time="0.514" classname="com.facebook.swift.service.async.AsyncClientTest"/>
  <testcase name="testAsyncTimeout" time="1.104" classname="com.facebook.swift.service.async.AsyncClientTest"/>
  <testcase name="testClientCreateFailure" time="0.013" classname="com.facebook.swift.service.async.AsyncClientTest"/>
  <testcase name="testSyncClient" time="0.019" classname="com.facebook.swift.service.async.AsyncClientTest"/>
  <testcase name="testHttpAsyncClient" time="0.287" classname="com.facebook.swift.service.async.AsyncHttpClientTest"/>
  <testcase name="testHttpClient" time="0.11" classname="com.facebook.swift.service.async.AsyncHttpClientTest"/>
  <testcase name="testMissingMethod" time="0.002" classname="com.facebook.swift.service.exceptions.ExceptionTest"/>
  <testcase name="testThrowExceptedUncheckedException" time="0.001" classname="com.facebook.swift.service.exceptions.ExceptionTest"/>
  <testcase name="testThrowExceptionInEventHandlersCode" time="0.001" classname="com.facebook.swift.service.exceptions.ExceptionTest"/>
  <testcase name="testThrowExpectedCheckedException" time="0.001" classname="com.facebook.swift.service.exceptions.ExceptionTest"/>
  <testcase name="testThrowSubclassOfSubclassableException" time="0.001" classname="com.facebook.swift.service.exceptions.ExceptionTest"/>
  <testcase name="testThrowSubclassableException" time="0.001" classname="com.facebook.swift.service.exceptions.ExceptionTest"/>
  <testcase name="testThrowUnexpectedNonThriftCheckedException" time="0.002" classname="com.facebook.swift.service.exceptions.ExceptionTest"/>
  <testcase name="testThrowUnexpectedNonThriftUncheckedException" time="0.003" classname="com.facebook.swift.service.exceptions.ExceptionTest"/>
  <testcase name="testThrowUnexpectedThriftUncheckedException" time="0.002" classname="com.facebook.swift.service.exceptions.ExceptionTest"/>
  <testcase name="testThrowWrongThriftException" time="0.002" classname="com.facebook.swift.service.exceptions.ExceptionTest"/>
  <testcase name="testExplicitParameterOrdering" time="0.002" classname="com.facebook.swift.service.explicitidentifiers.ExplicitIdentifiersTest"/>
  <testcase name="testExtraAndReorderedParameters" time="0.001" classname="com.facebook.swift.service.explicitidentifiers.ExplicitIdentifiersTest"/>
  <testcase name="testExtraParameter" time="0.001" classname="com.facebook.swift.service.explicitidentifiers.ExplicitIdentifiersTest"/>
  <testcase name="testExtraStruct" time="0.001" classname="com.facebook.swift.service.explicitidentifiers.ExplicitIdentifiersTest"/>
  <testcase name="testMissingAndReorderedParameters" time="0.002" classname="com.facebook.swift.service.explicitidentifiers.ExplicitIdentifiersTest"/>
  <testcase name="testMissingInteger" time="0.001" classname="com.facebook.swift.service.explicitidentifiers.ExplicitIdentifiersTest"/>
  <testcase name="testMissingParameter" time="0.001" classname="com.facebook.swift.service.explicitidentifiers.ExplicitIdentifiersTest"/>
  <testcase name="testMissingStruct" time="0.002" classname="com.facebook.swift.service.explicitidentifiers.ExplicitIdentifiersTest"/>
  <testcase name="testOneWayThrow" time="0.002" classname="com.facebook.swift.service.oneway.OnewayTest"/>
  <testcase name="testOnewayCall" time="0.001" classname="com.facebook.swift.service.oneway.OnewayTest"/>
  <testcase name="testBinaryProtocolClient" time="0.014" classname="com.facebook.swift.service.protocol.TestClientProtocols"/>
  <testcase name="testCompactProtocolClient" time="0.021" classname="com.facebook.swift.service.protocol.TestClientProtocols"/>
  <testcase name="testUnmatchedProtocols" time="0.013" classname="com.facebook.swift.service.protocol.TestClientProtocols"/>
  <testcase name="testGenericProcessor" time="0.012" classname="com.facebook.swift.generics.TestGenericProcessor"/>
  <testcase name="testConflictingMethodNames" time="0.192" classname="com.facebook.swift.service.TestProcessor"/>
  <testcase name="testPumaDirect" time="0.002" classname="com.facebook.swift.service.puma.TestPuma"/>
  <testcase name="testPumaDirectException" time="0.0" classname="com.facebook.swift.service.puma.TestPuma"/>
  <testcase name="testPumaSwift" time="0.051" classname="com.facebook.swift.service.puma.TestPuma"/>
  <testcase name="testPumaSwiftException" time="0.038" classname="com.facebook.swift.service.puma.TestPuma"/>
  <testcase name="testThriftClientAndServerModules" time="0.202" classname="com.facebook.swift.service.guice.TestThriftClientAndServerModules"/>
  <testcase name="testThriftClientWithConfiguration" time="0.013" classname="com.facebook.swift.service.guice.TestThriftClientAndServerModules"/>
  <testcase name="testThriftWithAnnotationBinding" time="0.048" classname="com.facebook.swift.service.guice.TestThriftClientAndServerModules"/>
  <testcase name="testThriftWithKeyBinding" time="0.045" classname="com.facebook.swift.service.guice.TestThriftClientAndServerModules"/>
  <testcase name="testDefaults" time="0.054" classname="com.facebook.swift.service.TestThriftClientConfig"/>
  <testcase name="testExplicitPropertyMappings" time="0.004" classname="com.facebook.swift.service.TestThriftClientConfig"/>
  <testcase name="testGuiceInjection" time="0.031" classname="com.facebook.swift.service.TestThriftClientConfig"/>
  <testcase name="testUnresolvedRemoteAddress" time="0.072" classname="com.facebook.swift.client.TestThriftClientManager"/>
  <testcase name="testInvalids" time="0.001" classname="com.facebook.swift.service.metadata.TestThriftMethodLegacyIds"/>
  <testcase name="testInvalids" time="0.001" classname="com.facebook.swift.service.metadata.TestThriftMethodLegacyIds"/>
  <testcase name="testInvalids" time="0.0" classname="com.facebook.swift.service.metadata.TestThriftMethodLegacyIds"/>
  <testcase name="testInvalids" time="0.001" classname="com.facebook.swift.service.metadata.TestThriftMethodLegacyIds"/>
  <testcase name="testLegacyFieldIds" time="0.001" classname="com.facebook.swift.service.metadata.TestThriftMethodLegacyIds"/>
  <testcase name="testNonLegacyFieldIds" time="0.001" classname="com.facebook.swift.service.metadata.TestThriftMethodLegacyIds"/>
  <testcase name="testNonLegacyFieldIds" time="0.0" classname="com.facebook.swift.service.metadata.TestThriftMethodLegacyIds"/>
  <testcase name="testNonLegacyFieldIds" time="0.001" classname="com.facebook.swift.service.metadata.TestThriftMethodLegacyIds"/>
  <testcase name="testAnnotatedExceptions" time="0.002" classname="com.facebook.swift.service.metadata.TestThriftMethodMetadata"/>
  <testcase name="testInferredException" time="0.001" classname="com.facebook.swift.service.metadata.TestThriftMethodMetadata"/>
  <testcase name="testInferredExceptionWithRuntimeAndTException" time="0.001" classname="com.facebook.swift.service.metadata.TestThriftMethodMetadata"/>
  <testcase name="testInferredExceptionWithRuntimeException" time="0.0" classname="com.facebook.swift.service.metadata.TestThriftMethodMetadata"/>
  <testcase name="testInferredExceptionWithTException" time="0.0" classname="com.facebook.swift.service.metadata.TestThriftMethodMetadata"/>
  <testcase name="testNoExceptions" time="0.0" classname="com.facebook.swift.service.metadata.TestThriftMethodMetadata"/>
  <testcase name="testUninferrableException" time="0.001" classname="com.facebook.swift.service.metadata.TestThriftMethodMetadata"/>
  <testcase name="testThriftServerShutdown" time="0.004" classname="com.facebook.swift.service.server.TestThriftServer"/>
  <testcase name="testThriftServerShutdownWithNoStartup" time="0.002" classname="com.facebook.swift.service.server.TestThriftServer"/>
  <testcase name="testDefaults" time="0.021" classname="com.facebook.swift.service.TestThriftServerConfig"/>
  <testcase name="testExplicitPropertyMappings" time="0.004" classname="com.facebook.swift.service.TestThriftServerConfig"/>
  <testcase name="testGuiceInjection" time="0.011" classname="com.facebook.swift.service.TestThriftServerConfig"/>
  <testcase name="testWorkerExecutorConfiguration" time="0.047" classname="com.facebook.swift.service.TestThriftServerConfig"/>
  <testcase name="testWorkerExecutorKeyConfiguration" time="0.043" classname="com.facebook.swift.service.TestThriftServerConfig"/>
  <testcase name="testWorkerThreadsConfiguration" time="0.038" classname="com.facebook.swift.service.TestThriftServerConfig"/>
  <testcase name="testConflictingServices" time="0.005" classname="com.facebook.swift.service.TestThriftService"/>
  <testcase name="testSwiftEventHandlersWithNiftyProcessor" time="0.028" classname="com.facebook.swift.service.TestThriftService"/>
  <testcase name="testSwiftEventHandlersWithTProcessor" time="0.025" classname="com.facebook.swift.service.TestThriftService"/>
  <testcase name="testSwiftService" time="0.015" classname="com.facebook.swift.service.TestThriftService"/>
  <testcase name="testThriftService" time="0.016" classname="com.facebook.swift.service.TestThriftService"/>
  <testcase name="testInheritBaseInterface" time="0.001" classname="com.facebook.swift.service.annotations.TestThriftServiceAnnotationConflicts"/>
  <testcase name="testInheritCombinedInterface" time="0.0" classname="com.facebook.swift.service.annotations.TestThriftServiceAnnotationConflicts"/>
  <testcase name="testInheritMultipleDerivedInterfaces" time="0.0" classname="com.facebook.swift.service.annotations.TestThriftServiceAnnotationConflicts"/>
  <testcase name="testInheritMultipleDerviedInterfacesWithExplicitAnnotation" time="0.0" classname="com.facebook.swift.service.annotations.TestThriftServiceAnnotationConflicts"/>
  <testcase name="testInheritSingleDerivedInterface" time="0.0" classname="com.facebook.swift.service.annotations.TestThriftServiceAnnotationConflicts"/>
  <testcase name="testSwiftService" time="0.32" classname="com.facebook.swift.service.TestThriftSslService"/>
  <testcase name="testSwiftServicePlaintext" time="0.041" classname="com.facebook.swift.service.TestThriftSslService"/>
  <testcase name="testThriftService" time="0.036" classname="com.facebook.swift.service.TestThriftSslService"/>
  <testcase name="testThriftServicePlaintext" time="0.03" classname="com.facebook.swift.service.TestThriftSslService"/>
  <testcase name="testSwiftService" time="0.006" classname="com.facebook.swift.service.TestThriftTransportAttachObserver"/>
  <testcase name="testThriftService" time="0.002" classname="com.facebook.swift.service.TestThriftTransportAttachObserver"/>
  <testcase name="testUnframedAsyncMethod" time="0.119" classname="com.facebook.swift.service.unframed.UnframedTest"/>
  <testcase name="testUnframedSyncMethod" time="0.115" classname="com.facebook.swift.service.unframed.UnframedTest"/>
</testsuite> <!-- Command line test -->
